  [1m[35m (1270.4ms)[0m  [1m[35mCREATE DATABASE "charades_development" ENCODING = 'unicode'[0m
  [1m[35m (331.2ms)[0m  [1m[35mCREATE DATABASE "charades_test" ENCODING = 'unicode'[0m
  [1m[35m (52.6ms)[0m  [1m[35mCREATE TABLE "schema_migrations" ("version" character varying NOT NULL PRIMARY KEY)[0m
  [1m[35m (13.4ms)[0m  [1m[35mCREATE TABLE "ar_internal_metadata" ("key" character varying NOT NULL PRIMARY KEY, "value" character varying, "created_at" timestamp(6) NOT NULL, "updated_at" timestamp(6) NOT NULL)[0m
  [1m[35m (5.1ms)[0m  [1m[34mSELECT pg_try_advisory_lock(7745251169038314225)[0m
  [1m[35m (2.4ms)[0m  [1m[34mSELECT "schema_migrations"."version" FROM "schema_migrations" ORDER BY "schema_migrations"."version" ASC[0m
Migrating to CreateGames (20200420000257)
  [1m[35m (1.5ms)[0m  [1m[35mBEGIN[0m
  [1m[35m (15.4ms)[0m  [1m[35mCREATE TABLE "games" ("id" bigserial primary key, "name" character varying, "created_at" timestamp(6) NOT NULL, "updated_at" timestamp(6) NOT NULL)[0m
  [1m[36mprimary::SchemaMigration Create (6.1ms)[0m  [1m[32mINSERT INTO "schema_migrations" ("version") VALUES ($1) RETURNING "version"[0m  [["version", "20200420000257"]]
  [1m[35m (2.1ms)[0m  [1m[35mCOMMIT[0m
Migrating to CreatePlayers (20200420000558)
  [1m[35m (1.6ms)[0m  [1m[35mBEGIN[0m
  [1m[35m (8.3ms)[0m  [1m[35mCREATE TABLE "players" ("id" bigserial primary key, "name" character varying, "created_at" timestamp(6) NOT NULL, "updated_at" timestamp(6) NOT NULL)[0m
  [1m[36mprimary::SchemaMigration Create (1.5ms)[0m  [1m[32mINSERT INTO "schema_migrations" ("version") VALUES ($1) RETURNING "version"[0m  [["version", "20200420000558"]]
  [1m[35m (3.6ms)[0m  [1m[35mCOMMIT[0m
Migrating to CreateClues (20200420000742)
  [1m[35m (1.4ms)[0m  [1m[35mBEGIN[0m
  [1m[35m (8.9ms)[0m  [1m[35mCREATE TABLE "clues" ("id" bigserial primary key, "body" text, "category" character varying, "player_id" integer, "game_id" integer, "created_at" timestamp(6) NOT NULL, "updated_at" timestamp(6) NOT NULL)[0m
  [1m[36mprimary::SchemaMigration Create (2.3ms)[0m  [1m[32mINSERT INTO "schema_migrations" ("version") VALUES ($1) RETURNING "version"[0m  [["version", "20200420000742"]]
  [1m[35m (3.2ms)[0m  [1m[35mCOMMIT[0m
  [1m[36mActiveRecord::InternalMetadata Load (2.8ms)[0m  [1m[34mSELECT "ar_internal_metadata".* FROM "ar_internal_metadata" WHERE "ar_internal_metadata"."key" = $1 LIMIT $2[0m  [["key", "environment"], ["LIMIT", 1]]
  [1m[35m (2.3ms)[0m  [1m[35mBEGIN[0m
  [1m[36mActiveRecord::InternalMetadata Create (10.1ms)[0m  [1m[32mINSERT INTO "ar_internal_metadata" ("key", "value", "created_at", "updated_at") VALUES ($1, $2, $3, $4) RETURNING "key"[0m  [["key", "environment"], ["value", "development"], ["created_at", "2020-04-20 00:08:25.650311"], ["updated_at", "2020-04-20 00:08:25.650311"]]
  [1m[35m (2.6ms)[0m  [1m[35mCOMMIT[0m
  [1m[35m (1.7ms)[0m  [1m[34mSELECT pg_advisory_unlock(7745251169038314225)[0m
  [1m[35m (3.4ms)[0m  [1m[34mSELECT "schema_migrations"."version" FROM "schema_migrations" ORDER BY "schema_migrations"."version" ASC[0m
Started GET "/" for ::1 at 2020-04-19 18:10:55 -0600
  [1m[35m (3.5ms)[0m  [1m[34mSELECT "schema_migrations"."version" FROM "schema_migrations" ORDER BY "schema_migrations"."version" ASC[0m
Processing by Rails::WelcomeController#index as HTML
  Rendering /Library/Ruby/Gems/2.6.0/gems/railties-6.0.2.2/lib/rails/templates/rails/welcome/index.html.erb
  Rendered /Library/Ruby/Gems/2.6.0/gems/railties-6.0.2.2/lib/rails/templates/rails/welcome/index.html.erb (Duration: 10.1ms | Allocations: 478)
Completed 200 OK in 41ms (Views: 19.8ms | ActiveRecord: 0.0ms | Allocations: 2914)


Started GET "/games" for ::1 at 2020-04-19 18:12:05 -0600
Processing by GamesController#index as HTML
  Rendering games/index.html.erb within layouts/application
  [1m[36mGame Load (4.0ms)[0m  [1m[34mSELECT "games".* FROM "games"[0m
  ↳ app/views/games/index.html.erb:14
  Rendered games/index.html.erb within layouts/application (Duration: 43.8ms | Allocations: 1260)
[Webpacker] Compiling...
[Webpacker] Compiled all packs in /Users/stephenthomas/Documents/Personal/Dev/charades/public/packs
[Webpacker] Hash: 32e57f147dbdcbbf0c82
Version: webpack 4.42.1
Time: 1737ms
Built at: 04/19/2020 6:12:09 PM
                                     Asset       Size       Chunks                         Chunk Names
    js/application-bbe9c4a129ab949e0636.js    124 KiB  application  [emitted] [immutable]  application
js/application-bbe9c4a129ab949e0636.js.map    139 KiB  application  [emitted] [dev]        application
                             manifest.json  364 bytes               [emitted]              
Entrypoint application = js/application-bbe9c4a129ab949e0636.js js/application-bbe9c4a129ab949e0636.js.map
[./app/javascript/channels sync recursive _channel\.js$] ./app/javascript/channels sync _channel\.js$ 160 bytes {application} [built]
[./app/javascript/channels/index.js] 211 bytes {application} [built]
[./app/javascript/packs/application.js] 749 bytes {application} [built]
[./node_modules/webpack/buildin/module.js] (webpack)/buildin/module.js 552 bytes {application} [built]
    + 3 hidden modules

Completed 200 OK in 4122ms (Views: 4100.0ms | ActiveRecord: 10.9ms | Allocations: 30660)


Started GET "/games/new" for ::1 at 2020-04-19 18:12:13 -0600
Processing by GamesController#new as HTML
  Rendering games/new.html.erb within layouts/application
  Rendered games/_form.html.erb (Duration: 26.0ms | Allocations: 4816)
  Rendered games/new.html.erb within layouts/application (Duration: 27.9ms | Allocations: 5169)
[Webpacker] Everything's up-to-date. Nothing to do
Completed 200 OK in 67ms (Views: 42.0ms | ActiveRecord: 12.3ms | Allocations: 11865)


Started POST "/games" for ::1 at 2020-04-19 18:12:18 -0600
Processing by GamesController#create as HTML
  Parameters: {"authenticity_token"=>"TkeTEFDKLopBUvyVvu4IAxXb9R9ahHwLmPwMFOAcDb1p3bBE3lxkNBmcizSb73lj2C26f9yw6Bvv7sNldSXYRQ==", "game"=>{"name"=>"#1"}, "commit"=>"Create Game"}
  [1m[35m (2.5ms)[0m  [1m[35mBEGIN[0m
  ↳ app/controllers/games_controller.rb:30:in `block in create'
  [1m[36mGame Create (5.5ms)[0m  [1m[32mINSERT INTO "games" ("name", "created_at", "updated_at") VALUES ($1, $2, $3) RETURNING "id"[0m  [["name", "#1"], ["created_at", "2020-04-20 00:12:18.352630"], ["updated_at", "2020-04-20 00:12:18.352630"]]
  ↳ app/controllers/games_controller.rb:30:in `block in create'
  [1m[35m (7.3ms)[0m  [1m[35mCOMMIT[0m
  ↳ app/controllers/games_controller.rb:30:in `block in create'
Redirected to http://localhost:3900/games/1
Completed 302 Found in 31ms (ActiveRecord: 15.3ms | Allocations: 2908)


Started GET "/games/1" for ::1 at 2020-04-19 18:12:18 -0600
Processing by GamesController#show as HTML
  Parameters: {"id"=>"1"}
  [1m[36mGame Load (2.6ms)[0m  [1m[34mSELECT "games".* FROM "games" WHERE "games"."id" = $1 LIMIT $2[0m  [["id", 1], ["LIMIT", 1]]
  ↳ app/controllers/games_controller.rb:67:in `set_game'
  Rendering games/show.html.erb within layouts/application
  Rendered games/show.html.erb within layouts/application (Duration: 1.3ms | Allocations: 247)
[Webpacker] Everything's up-to-date. Nothing to do
Completed 200 OK in 22ms (Views: 9.0ms | ActiveRecord: 5.5ms | Allocations: 5534)


Started GET "/games/1/edit" for ::1 at 2020-04-19 18:12:25 -0600
Processing by GamesController#edit as HTML
  Parameters: {"id"=>"1"}
  [1m[36mGame Load (6.9ms)[0m  [1m[34mSELECT "games".* FROM "games" WHERE "games"."id" = $1 LIMIT $2[0m  [["id", 1], ["LIMIT", 1]]
  ↳ app/controllers/games_controller.rb:67:in `set_game'
  Rendering games/edit.html.erb within layouts/application
  Rendered games/_form.html.erb (Duration: 2.3ms | Allocations: 587)
  Rendered games/edit.html.erb within layouts/application (Duration: 4.0ms | Allocations: 842)
[Webpacker] Everything's up-to-date. Nothing to do
Completed 200 OK in 25ms (Views: 13.3ms | ActiveRecord: 6.9ms | Allocations: 5689)


Started GET "/games" for ::1 at 2020-04-19 18:12:38 -0600
Processing by GamesController#index as HTML
  Rendering games/index.html.erb within layouts/application
  [1m[36mGame Load (2.8ms)[0m  [1m[34mSELECT "games".* FROM "games"[0m
  ↳ app/views/games/index.html.erb:14
  Rendered games/index.html.erb within layouts/application (Duration: 5.1ms | Allocations: 757)
[Webpacker] Everything's up-to-date. Nothing to do
Completed 200 OK in 17ms (Views: 12.8ms | ActiveRecord: 2.8ms | Allocations: 4923)


